# JRE version: OpenJDK Runtime Environment Microsoft-8035246 (17.0.8+7) (build 17.0.8+7-LTS)
# Java VM: OpenJDK 64-Bit Server VM Microsoft-8035246 (17.0.8+7-LTS, mixed mode, sharing, tiered, compressed oops, compressed class ptrs, g1 gc, windows-amd64)
GC Precious Log:
 CPUs: 12 total, 12 available
 Memory: 16216M
 Large Page Support: Disabled
 NUMA Support: Disabled
 Compressed Oops: Enabled (32-bit)
 Heap Region Size: 1M
 Heap Min Capacity: 8M
 Heap Initial Capacity: 254M
 Heap Max Capacity: 2G
 Pre-touch: Disabled
 Parallel Workers: 10
 Concurrent Workers: 3
 Concurrent Refinement Workers: 10
 Periodic GC: Disabled
Heap:
 garbage-first heap   total 263168K, used 182354K [0x0000000080000000, 0x0000000100000000)
  region size 1024K, 9 young (9216K), 3 survivors (3072K)
 Metaspace       used 104558K, committed 105600K, reserved 557056K
  class space    used 14600K, committed 15104K, reserved 425984K
GC Heap History (20 events):
Event: 28.495 GC heap before
{Heap before GC invocations=59 (full 0):
 garbage-first heap   total 226304K, used 133596K [0x0000000080000000, 0x0000000100000000)
  region size 1024K, 11 young (11264K), 9 survivors (9216K)
 Metaspace       used 95389K, committed 96384K, reserved 557056K
  class space    used 13341K, committed 13760K, reserved 425984K
}
Event: 28.500 GC heap after
{Heap after GC invocations=60 (full 0):
 garbage-first heap   total 226304K, used 133003K [0x0000000080000000, 0x0000000100000000)
  region size 1024K, 1 young (1024K), 1 survivors (1024K)
 Metaspace       used 95389K, committed 96384K, reserved 557056K
  class space    used 13341K, committed 13760K, reserved 425984K
}
Event: 29.395 GC heap before
{Heap before GC invocations=60 (full 0):
 garbage-first heap   total 226304K, used 183179K [0x0000000080000000, 0x0000000100000000)
  region size 1024K, 47 young (48128K), 1 survivors (1024K)
 Metaspace       used 95882K, committed 96832K, reserved 557056K
  class space    used 13392K, committed 13824K, reserved 425984K
}
Event: 29.402 GC heap after
{Heap after GC invocations=61 (full 0):
 garbage-first heap   total 226304K, used 148593K [0x0000000080000000, 0x0000000100000000)
  region size 1024K, 6 young (6144K), 6 survivors (6144K)
 Metaspace       used 95882K, committed 96832K, reserved 557056K
  class space    used 13392K, committed 13824K, reserved 425984K
}
Event: 29.816 GC heap before
{Heap before GC invocations=62 (full 0):
 garbage-first heap   total 263168K, used 180337K [0x0000000080000000, 0x0000000100000000)
  region size 1024K, 37 young (37888K), 6 survivors (6144K)
 Metaspace       used 97538K, committed 98496K, reserved 557056K
  class space    used 13622K, committed 14080K, reserved 425984K
}
Event: 29.822 GC heap after
{Heap after GC invocations=63 (full 0):
 garbage-first heap   total 263168K, used 151475K [0x0000000080000000, 0x0000000100000000)
  region size 1024K, 3 young (3072K), 3 survivors (3072K)
 Metaspace       used 97538K, committed 98496K, reserved 557056K
  class space    used 13622K, committed 14080K, reserved 425984K
}
Event: 29.934 GC heap before
{Heap before GC invocations=63 (full 0):
 garbage-first heap   total 263168K, used 159667K [0x0000000080000000, 0x0000000100000000)
  region size 1024K, 12 young (12288K), 3 survivors (3072K)
 Metaspace       used 98406K, committed 99328K, reserved 557056K
  class space    used 13744K, committed 14144K, reserved 425984K
}
Event: 29.937 GC heap after
{Heap after GC invocations=64 (full 0):
 garbage-first heap   total 263168K, used 151886K [0x0000000080000000, 0x0000000100000000)
  region size 1024K, 1 young (1024K), 1 survivors (1024K)
 Metaspace       used 98406K, committed 99328K, reserved 557056K
  class space    used 13744K, committed 14144K, reserved 425984K
}
Event: 30.696 GC heap before
{Heap before GC invocations=64 (full 0):
 garbage-first heap   total 263168K, used 204110K [0x0000000080000000, 0x0000000100000000)
  region size 1024K, 52 young (53248K), 1 survivors (1024K)
 Metaspace       used 101518K, committed 102592K, reserved 557056K
  class space    used 14203K, committed 14720K, reserved 425984K
}
Event: 30.701 GC heap after
{Heap after GC invocations=65 (full 0):
 garbage-first heap   total 263168K, used 155772K [0x0000000080000000, 0x0000000100000000)
  region size 1024K, 5 young (5120K), 5 survivors (5120K)
 Metaspace       used 101518K, committed 102592K, reserved 557056K
  class space    used 14203K, committed 14720K, reserved 425984K
}
Event: 31.219 GC heap before
{Heap before GC invocations=65 (full 0):
 garbage-first heap   total 263168K, used 207996K [0x0000000080000000, 0x0000000100000000)
  region size 1024K, 56 young (57344K), 5 survivors (5120K)
 Metaspace       used 102635K, committed 103616K, reserved 557056K
  class space    used 14323K, committed 14784K, reserved 425984K
}
Event: 31.228 GC heap after
{Heap after GC invocations=66 (full 0):
 garbage-first heap   total 263168K, used 161934K [0x0000000080000000, 0x0000000100000000)
  region size 1024K, 7 young (7168K), 7 survivors (7168K)
 Metaspace       used 102635K, committed 103616K, reserved 557056K
  class space    used 14323K, committed 14784K, reserved 425984K
}
Event: 31.632 GC heap before
{Heap before GC invocations=66 (full 0):
 garbage-first heap   total 263168K, used 212110K [0x0000000080000000, 0x0000000100000000)
  region size 1024K, 56 young (57344K), 7 survivors (7168K)
 Metaspace       used 103625K, committed 104704K, reserved 557056K
  class space    used 14482K, committed 14976K, reserved 425984K
}
Event: 31.641 GC heap after
{Heap after GC invocations=67 (full 0):
 garbage-first heap   total 263168K, used 167422K [0x0000000080000000, 0x0000000100000000)
  region size 1024K, 6 young (6144K), 6 survivors (6144K)
 Metaspace       used 103625K, committed 104704K, reserved 557056K
  class space    used 14482K, committed 14976K, reserved 425984K
}
Event: 32.094 GC heap before
{Heap before GC invocations=67 (full 0):
 garbage-first heap   total 263168K, used 214526K [0x0000000080000000, 0x0000000100000000)
  region size 1024K, 53 young (54272K), 6 survivors (6144K)
 Metaspace       used 104211K, committed 105344K, reserved 557056K
  class space    used 14565K, committed 15104K, reserved 425984K
}
Event: 32.101 GC heap after
{Heap after GC invocations=68 (full 0):
 garbage-first heap   total 263168K, used 169603K [0x0000000080000000, 0x0000000100000000)
  region size 1024K, 3 young (3072K), 3 survivors (3072K)
 Metaspace       used 104211K, committed 105344K, reserved 557056K
  class space    used 14565K, committed 15104K, reserved 425984K
}
Event: 32.542 GC heap before
{Heap before GC invocations=68 (full 0):
 garbage-first heap   total 263168K, used 217731K [0x0000000080000000, 0x0000000100000000)
  region size 1024K, 50 young (51200K), 3 survivors (3072K)
 Metaspace       used 104531K, committed 105600K, reserved 557056K
  class space    used 14600K, committed 15104K, reserved 425984K
}
Event: 32.549 GC heap after
{Heap after GC invocations=69 (full 0):
 garbage-first heap   total 263168K, used 174498K [0x0000000080000000, 0x0000000100000000)
  region size 1024K, 7 young (7168K), 7 survivors (7168K)
 Metaspace       used 104531K, committed 105600K, reserved 557056K
  class space    used 14600K, committed 15104K, reserved 425984K
}
Event: 33.055 GC heap before
{Heap before GC invocations=69 (full 0):
 garbage-first heap   total 263168K, used 218530K [0x0000000080000000, 0x0000000100000000)
  region size 1024K, 51 young (52224K), 7 survivors (7168K)
 Metaspace       used 104548K, committed 105600K, reserved 557056K
  class space    used 14600K, committed 15104K, reserved 425984K
}
Event: 33.062 GC heap after
{Heap after GC invocations=70 (full 0):
 garbage-first heap   total 263168K, used 177234K [0x0000000080000000, 0x0000000100000000)
  region size 1024K, 3 young (3072K), 3 survivors (3072K)
 Metaspace       used 104548K, committed 105600K, reserved 557056K
  class space    used 14600K, committed 15104K, reserved 425984K
}

